<?xml version="1.0" encoding="UTF-8"?>
<robot generator="Robot 3.2.2 (Python 3.9.6 on win32)" generated="20210715 17:58:12.811" rpa="false">
<suite id="s1" name="SanityTestSuite" source="C:\Users\Varshini\eclipse-workspace\RobotFrameworkProj\Test\SanityTestSuite.robot">
<kw name="Log" library="BuiltIn" type="setup">
<doc>Logs the given message with the given level.</doc>
<arguments>
<arg>This stmt should execute before all test cases are executed</arg>
</arguments>
<msg timestamp="20210715 17:58:12.940" level="INFO">This stmt should execute before all test cases are executed</msg>
<status status="PASS" starttime="20210715 17:58:12.940" endtime="20210715 17:58:12.940"></status>
</kw>
<test id="s1-t1" name="FirstTest">
<kw name="Log" library="BuiltIn" type="setup">
<doc>Logs the given message with the given level.</doc>
<arguments>
<arg>This stmt should execute before every test case</arg>
</arguments>
<msg timestamp="20210715 17:58:12.941" level="INFO">This stmt should execute before every test case</msg>
<status status="PASS" starttime="20210715 17:58:12.941" endtime="20210715 17:58:12.941"></status>
</kw>
<kw name="Log" library="BuiltIn">
<doc>Logs the given message with the given level.</doc>
<arguments>
<arg>hello world</arg>
</arguments>
<msg timestamp="20210715 17:58:12.941" level="INFO">hello world</msg>
<status status="PASS" starttime="20210715 17:58:12.941" endtime="20210715 17:58:12.941"></status>
</kw>
<kw name="Log" library="BuiltIn" type="teardown">
<doc>Logs the given message with the given level.</doc>
<arguments>
<arg>This stmt should execute after every test case</arg>
</arguments>
<msg timestamp="20210715 17:58:12.942" level="INFO">This stmt should execute after every test case</msg>
<status status="PASS" starttime="20210715 17:58:12.942" endtime="20210715 17:58:12.942"></status>
</kw>
<tags>
<tag>regression</tag>
</tags>
<status status="PASS" starttime="20210715 17:58:12.940" endtime="20210715 17:58:12.943" critical="yes"></status>
</test>
<kw name="Log" library="BuiltIn" type="teardown">
<doc>Logs the given message with the given level.</doc>
<arguments>
<arg>This stmt should execute after all the testcases are executed</arg>
</arguments>
<msg timestamp="20210715 17:58:12.944" level="INFO">This stmt should execute after all the testcases are executed</msg>
<status status="PASS" starttime="20210715 17:58:12.944" endtime="20210715 17:58:12.944"></status>
</kw>
<status status="PASS" starttime="20210715 17:58:12.812" endtime="20210715 17:58:12.944"></status>
</suite>
<statistics>
<total>
<stat pass="1" fail="0">Critical Tests</stat>
<stat pass="1" fail="0">All Tests</stat>
</total>
<tag>
<stat pass="1" fail="0">regression</stat>
</tag>
<suite>
<stat pass="1" fail="0" id="s1" name="SanityTestSuite">SanityTestSuite</stat>
</suite>
</statistics>
<errors>
</errors>
</robot>
